<?xml version="1.0" encoding="utf-8" standalone="no"?>
<test-results xmlns:xsi="http://www.w3.org/2001/XMLSchema-instance" xsi:noNamespaceSchemaLocation="nunit_schema_2.5.xsd" name="Pester" total="3" errors="0" failures="1" not-run="0" inconclusive="0" ignored="0" skipped="0" invalid="0" date="2025-09-13" time="19:45:02">
  <environment clr-version="9.0.8" cwd="D:\CHECHA_CORE" nunit-version="2.5.8.0" user-domain="DESKTOP-2OLDAUU" machine-name="DESKTOP-2OLDAUU" platform="Майкрософт Windows 11 Pro|C:\Windows|\Device\Harddisk0\Partition3" user="serge" os-version="10.0.22631" />
  <culture-info current-culture="uk-UA" current-uiculture="uk-UA" />
  <test-suite type="TestFixture" name="Pester" executed="True" result="Failure" success="False" time="1.2788" asserts="0" description="Pester">
    <results>
      <test-suite type="TestFixture" name="D:\CHECHA_CORE\Tests\Validate-Releases.Tests.ps1" executed="True" result="Failure" success="False" time="1.2788" asserts="0" description="D:\CHECHA_CORE\Tests\Validate-Releases.Tests.ps1">
        <results>
          <test-suite type="TestFixture" name="Validate-Releases Strict/CI" executed="True" result="Failure" success="False" time="0.6353" asserts="0" description="Validate-Releases Strict/CI">
            <results>
              <test-case description="returns 0 in CI mode with only warnings" name="Validate-Releases Strict/CI.returns 0 in CI mode with only warnings" time="0.4342" asserts="0" success="False" result="Failure" executed="True">
                <failure>
                  <message>Expected 0, but got 1.</message>
                  <stack-trace>at $LASTEXITCODE | Should -Be 0, D:\CHECHA_CORE\Tests\Validate-Releases.Tests.ps1:30
at &lt;ScriptBlock&gt;, D:\CHECHA_CORE\Tests\Validate-Releases.Tests.ps1:30</stack-trace>
                </failure>
              </test-case>
              <test-case description="can run Strict (non-zero possible)" name="Validate-Releases Strict/CI.can run Strict (non-zero possible)" time="0.0881" asserts="0" success="True" result="Success" executed="True" />
            </results>
          </test-suite>
          <test-suite type="TestFixture" name="Validate-Releases detects checksum mismatch in Strict" executed="True" result="Success" success="True" time="0.7643" asserts="0" description="Validate-Releases detects checksum mismatch in Strict">
            <results>
              <test-case description="returns non-zero (1) on mismatch in Strict" name="Validate-Releases detects checksum mismatch in Strict.returns non-zero (1) on mismatch in Strict" time="0.0981" asserts="0" success="True" result="Success" executed="True" />
            </results>
          </test-suite>
        </results>
      </test-suite>
    </results>
  </test-suite>
</test-results>